07:44:47 01/04/2014#Admin#Nguyễn An Vĩ#Đăng nhập hệ thống
08:13:10 01/04/2014#Admin#Nguyễn An Vĩ#Đăng nhập hệ thống
08:13:43 01/04/2014#Admin#Nguyễn An Vĩ#Đổi mật khẩu.
08:14:17 01/04/2014#Admin#Nguyễn An Vĩ#Sao lưu CSDL vào: C:\Users\ThienAn\Desktop
08:20:28 01/04/2014#Admin#Nguyễn An Vĩ#Đăng nhập hệ thống
08:20:50 01/04/2014#Admin#Nguyễn An Vĩ#Đăng xuất hệ thống.
09:04:38 01/04/2014#Admin#Nguyễn An Vĩ#Đăng nhập hệ thống
09:08:02 01/04/2014#Admin#Nguyễn An Vĩ#Đăng nhập hệ thống
09:09:17 01/04/2014#Admin#Nguyễn An Vĩ#Đăng nhập hệ thống
09:14:36 01/04/2014#Admin#Nguyễn An Vĩ#Đăng nhập hệ thống
09:15:00 01/04/2014#Admin#Nguyễn An Vĩ#Đăng nhập hệ thống
09:15:08 01/04/2014#Admin#Nguyễn An Vĩ#Thoát chương trình mà không đăng xuất.
09:15:16 01/04/2014#Admin#Nguyễn An Vĩ#Đăng nhập hệ thống
09:18:49 01/04/2014#Admin#Nguyễn An Vĩ#Đăng nhập hệ thống
09:18:52 01/04/2014#Admin#Nguyễn An Vĩ#Xem nhật ký hệ thống
09:19:37 01/04/2014#Admin#Nguyễn An Vĩ#Thoát chương trình mà không đăng xuất.
09:20:44 01/04/2014#Admin#Nguyễn An Vĩ#Đăng nhập hệ thống
09:20:47 01/04/2014#Admin#Nguyễn An Vĩ#Xem nhật ký hệ thống
09:21:53 01/04/2014#Admin#Nguyễn An Vĩ#Sao lưu CSDL vào: C:\Users\ThienAn\Desktop\njh.bak
09:22:52 01/04/2014#Admin#Nguyễn An Vĩ#Thoát chương trình mà không đăng xuất.
09:25:47 01/04/2014#Admin#Nguyễn An Vĩ#Đăng nhập hệ thống
09:25:49 01/04/2014#Admin#Nguyễn An Vĩ#Xem nhật ký hệ thống
09:26:18 01/04/2014#Admin#Nguyễn An Vĩ#Thoát chương trình mà không đăng xuất.
09:27:32 01/04/2014#Admin#Nguyễn An Vĩ#Đăng nhập hệ thống
09:29:39 01/04/2014#Admin#Nguyễn An Vĩ#Đăng nhập hệ thống
09:29:42 01/04/2014#Admin#Nguyễn An Vĩ#Xem nhật ký hệ thống
09:31:30 01/04/2014#Admin#Nguyễn An Vĩ#Xem nhật ký hệ thống
09:31:48 01/04/2014#Admin#Nguyễn An Vĩ#Xuất danh sách thông tin chi tiết của khách hàng
09:32:02 01/04/2014#Admin#Nguyễn An Vĩ#Xem nhật ký hệ thống
09:32:30 01/04/2014#Admin#Nguyễn An Vĩ#Phục hồi CSDL từ: C:\Users\ThienAn\Desktop\njh.bak
09:32:32 01/04/2014#Admin#Nguyễn An Vĩ#Xem nhật ký hệ thống
09:32:46 01/04/2014#Admin#Nguyễn An Vĩ#Xem nhật ký hệ thống
09:33:02 01/04/2014#Admin#Nguyễn An Vĩ#Thiết lập lại mật khẩu của người dùng admin
09:33:39 01/04/2014#Admin#Nguyễn An Vĩ#Thoát chương trình mà không đăng xuất.
09:39:29 01/04/2014#Admin#Nguyễn An Vĩ#Đăng nhập hệ thống
09:39:53 01/04/2014#Admin#Nguyễn An Vĩ#Thay đổi thông tin cơ bản một hoặc nhiều khách hàng.
09:45:34 01/04/2014#Admin#Nguyễn An Vĩ#Đăng nhập hệ thống
09:46:35 01/04/2014#Admin#Nguyễn An Vĩ#Thoát chương trình mà không đăng xuất.
10:45:47 01/04/2014#Nhân viên#Nguyễn Thiện An#Đăng nhập hệ thống
10:45:52 01/04/2014#Nhân viên#Nguyễn Thiện An#Xuất danh sách các chương trình tổ chức trong ngày: 01/04/2014 10:45:51 AM
10:45:52 01/04/2014#Nhân viên#Nguyễn Thiện An#Xuất danh sách các chương trình tổ chức trong ngày: 01/04/2014 10:45:51 AM
10:45:55 01/04/2014#Nhân viên#Nguyễn Thiện An#Xuất báo cáo danh sách các khách hàng nhiều hợp đồng
10:46:31 01/04/2014#Nhân viên#Nguyễn Thiện An#Xuất danh sách các chương trình tổ chức trong ngày: 01/04/2014 10:46:31 AM
10:46:31 01/04/2014#Nhân viên#Nguyễn Thiện An#Xuất danh sách các chương trình tổ chức trong ngày: 01/04/2014 10:46:31 AM
10:46:39 01/04/2014#Nhân viên#Nguyễn Thiện An#Xuất báo cáo danh sách các khách hàng nhiều hợp đồng
10:46:46 01/04/2014#Nhân viên#Nguyễn Thiện An#Đăng xuất hệ thống.
10:46:51 01/04/2014#Admin#Nguyễn An Vĩ#Đăng nhập hệ thống
10:47:43 01/04/2014#Admin#Nguyễn An Vĩ#Thoát chương trình mà không đăng xuất.
11:29:11 01/04/2014#Admin#Nguyễn An Vĩ#Đăng nhập hệ thống
11:29:56 01/04/2014#Admin#Nguyễn An Vĩ#Thoát chương trình mà không đăng xuất.
11:29:56 01/04/2014#Admin#Nguyễn An Vĩ#Thoát chương trình mà không đăng xuất.
16:47:00 01/04/2014#Admin#Nguyễn An Vĩ#Đăng nhập hệ thống
16:47:26 01/04/2014#Admin#Nguyễn An Vĩ#Thoát chương trình mà không đăng xuất.
22:50:38 03/04/2014#Admin#Nguyễn An Vĩ#Đăng nhập hệ thống
22:52:10 03/04/2014#Admin#Nguyễn An Vĩ#Thoát chương trình mà không đăng xuất.
07:52:36 08/04/2014#Admin#Nguyễn An Vĩ#Đăng nhập hệ thống
07:52:58 08/04/2014#Admin#Nguyễn An Vĩ#Xuất báo cáo danh sách các khách hàng nhiều hợp đồng
07:53:35 08/04/2014#Admin#Nguyễn An Vĩ#Thoát chương trình mà không đăng xuất.
08:29:24 08/04/2014#Admin#Nguyễn An Vĩ#Đăng nhập hệ thống
08:29:29 08/04/2014#Admin#Nguyễn An Vĩ#Xuất danh sách các thanh toán cần thu từ ngày: 08/04/2014 8:29:28 AM đến ngày 15/04/2014
08:29:29 08/04/2014#Admin#Nguyễn An Vĩ#Xuất danh sách các thanh toán cần thu từ ngày: 08/04/2014 8:29:28 AM đến ngày 15/04/2014
08:29:56 08/04/2014#Admin#Nguyễn An Vĩ#Xuất danh sách các thanh toán cần thu từ ngày: 01/04/2014 8:29:28 AM đến ngày 08/04/2014
08:29:59 08/04/2014#Admin#Nguyễn An Vĩ#Xuất danh sách các thanh toán cần thu từ ngày: 25/02/2014 8:29:28 AM đến ngày 04/03/2014
08:30:23 08/04/2014#Admin#Nguyễn An Vĩ#Thoát chương trình mà không đăng xuất.
08:48:54 08/04/2014#Admin#Nguyễn An Vĩ#Đăng nhập hệ thống
08:49:11 08/04/2014#Admin#Nguyễn An Vĩ#Xuất danh sách các thanh toán cần thu từ ngày: 08/04/2014 8:49:10 AM đến ngày 15/04/2014
08:49:11 08/04/2014#Admin#Nguyễn An Vĩ#Xuất danh sách các thanh toán cần thu từ ngày: 08/04/2014 8:49:10 AM đến ngày 15/04/2014
08:49:24 08/04/2014#Admin#Nguyễn An Vĩ#Xuất danh sách các thanh toán cần thu từ ngày: 01/01/2014 8:49:10 AM đến ngày 08/01/2014
08:49:28 08/04/2014#Admin#Nguyễn An Vĩ#Xuất danh sách các thanh toán cần thu từ ngày: 24/01/2014 8:49:10 AM đến ngày 31/01/2014
08:49:54 08/04/2014#Admin#Nguyễn An Vĩ#Xuất danh sách các thanh toán cần thu từ ngày: 31/03/2014 8:49:10 AM đến ngày 07/04/2014
08:50:12 08/04/2014#Admin#Nguyễn An Vĩ#Xuất danh sách các thanh toán cần thu từ ngày: 08/04/2014 8:50:12 AM đến ngày 15/04/2014
08:50:12 08/04/2014#Admin#Nguyễn An Vĩ#Xuất danh sách các thanh toán cần thu từ ngày: 08/04/2014 8:50:12 AM đến ngày 15/04/2014
08:51:18 08/04/2014#Admin#Nguyễn An Vĩ#Xuất danh sách các thanh toán cần thu từ ngày: 08/04/2014 8:51:18 AM đến ngày 15/04/2014
08:51:18 08/04/2014#Admin#Nguyễn An Vĩ#Xuất danh sách các thanh toán cần thu từ ngày: 08/04/2014 8:51:18 AM đến ngày 15/04/2014
08:51:21 08/04/2014#Admin#Nguyễn An Vĩ#Xuất danh sách các thanh toán cần thu từ ngày: 01/04/2014 8:51:18 AM đến ngày 08/04/2014
08:51:26 08/04/2014#Admin#Nguyễn An Vĩ#Xuất danh sách các thanh toán cần thu từ ngày: 05/03/2014 8:51:18 AM đến ngày 12/03/2014
08:52:23 08/04/2014#Admin#Nguyễn An Vĩ#Xuất danh sách các thanh toán cần thu từ ngày: 03/03/2014 8:51:18 AM đến ngày 10/03/2014
08:52:33 08/04/2014#Admin#Nguyễn An Vĩ#Xuất danh sách các thanh toán cần thu từ ngày: 25/03/2014 8:51:18 AM đến ngày 01/04/2014
08:53:23 08/04/2014#Admin#Nguyễn An Vĩ#Xuất danh sách các thanh toán cần thu từ ngày: 08/04/2014 8:53:23 AM đến ngày 15/04/2014
08:53:23 08/04/2014#Admin#Nguyễn An Vĩ#Xuất danh sách các thanh toán cần thu từ ngày: 08/04/2014 8:53:23 AM đến ngày 15/04/2014
08:54:28 08/04/2014#Admin#Nguyễn An Vĩ#Xuất danh sách các thanh toán cần thu từ ngày: 18/03/2014 8:53:23 AM đến ngày 25/03/2014
08:54:31 08/04/2014#Admin#Nguyễn An Vĩ#Xuất danh sách các thanh toán cần thu từ ngày: 25/03/2014 8:53:23 AM đến ngày 01/04/2014
08:55:46 08/04/2014#Admin#Nguyễn An Vĩ#Xuất danh sách các thanh toán cần thu từ ngày: 08/04/2014 8:55:46 AM đến ngày 15/04/2014
08:55:46 08/04/2014#Admin#Nguyễn An Vĩ#Xuất danh sách các thanh toán cần thu từ ngày: 08/04/2014 8:55:46 AM đến ngày 15/04/2014
08:55:51 08/04/2014#Admin#Nguyễn An Vĩ#Xuất danh sách các thanh toán cần thu từ ngày: 25/03/2014 8:55:46 AM đến ngày 01/04/2014
08:56:16 08/04/2014#Admin#Nguyễn An Vĩ#Xuất danh sách các thanh toán cần thu từ ngày: 08/04/2014 8:56:16 AM đến ngày 15/04/2014
08:56:16 08/04/2014#Admin#Nguyễn An Vĩ#Xuất danh sách các thanh toán cần thu từ ngày: 08/04/2014 8:56:16 AM đến ngày 15/04/2014
08:56:52 08/04/2014#Admin#Nguyễn An Vĩ#Thoát chương trình mà không đăng xuất.
08:57:47 08/04/2014#Admin#Nguyễn An Vĩ#Đăng nhập hệ thống
08:57:52 08/04/2014#Admin#Nguyễn An Vĩ#Xuất danh sách các thanh toán cần thu từ ngày: 08/04/2014 8:57:51 AM đến ngày 15/04/2014
08:57:52 08/04/2014#Admin#Nguyễn An Vĩ#Xuất danh sách các thanh toán cần thu từ ngày: 08/04/2014 8:57:51 AM đến ngày 15/04/2014
09:04:50 08/04/2014#Admin#Nguyễn An Vĩ#Đăng nhập hệ thống
09:04:56 08/04/2014#Admin#Nguyễn An Vĩ#Xuất danh sách các thanh toán cần thu từ ngày: 08/04/2014 9:04:55 AM đến ngày 15/04/2014
09:04:56 08/04/2014#Admin#Nguyễn An Vĩ#Xuất danh sách các thanh toán cần thu từ ngày: 08/04/2014 9:04:55 AM đến ngày 15/04/2014
09:05:03 08/04/2014#Admin#Nguyễn An Vĩ#Xuất danh sách các thanh toán cần thu từ ngày: 25/03/2014 9:04:55 AM đến ngày 01/04/2014
09:07:26 08/04/2014#Admin#Nguyễn An Vĩ#Xuất danh sách các thanh toán cần thu từ ngày: 13/03/2014 9:04:55 AM đến ngày 20/03/2014
09:07:31 08/04/2014#Admin#Nguyễn An Vĩ#Xuất danh sách các thanh toán cần thu từ ngày: 02/03/2014 9:04:55 AM đến ngày 09/03/2014
09:07:37 08/04/2014#Admin#Nguyễn An Vĩ#Xuất danh sách các thanh toán cần thu từ ngày: 03/03/2014 9:04:55 AM đến ngày 10/03/2014
09:07:41 08/04/2014#Admin#Nguyễn An Vĩ#Xuất danh sách các thanh toán cần thu từ ngày: 04/03/2014 9:04:55 AM đến ngày 11/03/2014
09:07:45 08/04/2014#Admin#Nguyễn An Vĩ#Xuất danh sách các thanh toán cần thu từ ngày: 05/03/2014 9:04:55 AM đến ngày 12/03/2014
09:07:50 08/04/2014#Admin#Nguyễn An Vĩ#Xuất danh sách các thanh toán cần thu từ ngày: 06/03/2014 9:04:55 AM đến ngày 13/03/2014
09:07:58 08/04/2014#Admin#Nguyễn An Vĩ#Xuất danh sách các thanh toán cần thu từ ngày: 07/03/2014 9:04:55 AM đến ngày 14/03/2014
09:08:03 08/04/2014#Admin#Nguyễn An Vĩ#Xuất danh sách các thanh toán cần thu từ ngày: 08/03/2014 9:04:55 AM đến ngày 15/03/2014
09:08:07 08/04/2014#Admin#Nguyễn An Vĩ#Xuất danh sách các thanh toán cần thu từ ngày: 09/03/2014 9:04:55 AM đến ngày 16/03/2014
09:08:11 08/04/2014#Admin#Nguyễn An Vĩ#Xuất danh sách các thanh toán cần thu từ ngày: 10/03/2014 9:04:55 AM đến ngày 17/03/2014
09:08:14 08/04/2014#Admin#Nguyễn An Vĩ#Xuất danh sách các thanh toán cần thu từ ngày: 11/03/2014 9:04:55 AM đến ngày 18/03/2014
09:08:18 08/04/2014#Admin#Nguyễn An Vĩ#Xuất danh sách các thanh toán cần thu từ ngày: 12/03/2014 9:04:55 AM đến ngày 19/03/2014
09:08:21 08/04/2014#Admin#Nguyễn An Vĩ#Xuất danh sách các thanh toán cần thu từ ngày: 13/03/2014 9:04:55 AM đến ngày 20/03/2014
09:08:25 08/04/2014#Admin#Nguyễn An Vĩ#Xuất danh sách các thanh toán cần thu từ ngày: 14/03/2014 9:04:55 AM đến ngày 21/03/2014
09:08:29 08/04/2014#Admin#Nguyễn An Vĩ#Xuất danh sách các thanh toán cần thu từ ngày: 15/03/2014 9:04:55 AM đến ngày 22/03/2014
09:08:32 08/04/2014#Admin#Nguyễn An Vĩ#Xuất danh sách các thanh toán cần thu từ ngày: 16/03/2014 9:04:55 AM đến ngày 23/03/2014
09:08:36 08/04/2014#Admin#Nguyễn An Vĩ#Xuất danh sách các thanh toán cần thu từ ngày: 17/04/2014 9:04:55 AM đến ngày 24/04/2014
09:08:40 08/04/2014#Admin#Nguyễn An Vĩ#Xuất danh sách các thanh toán cần thu từ ngày: 18/04/2014 9:04:55 AM đến ngày 25/04/2014
09:08:51 08/04/2014#Admin#Nguyễn An Vĩ#Thoát chương trình mà không đăng xuất.
09:18:32 08/04/2014#Admin#Nguyễn An Vĩ#Đăng nhập hệ thống
09:19:35 08/04/2014#Admin#Nguyễn An Vĩ#Đăng xuất hệ thống.
09:19:43 08/04/2014#Nhân viên#Nguyễn Thiện An#Đăng nhập hệ thống
09:21:14 08/04/2014#Nhân viên#Nguyễn Thiện An#Thêm mới 1 hợp đồng số: 24
09:23:19 08/04/2014#Nhân viên#Nguyễn Thiện An#Lập phiếu thanh toán cho hợp đồng số: 24 giai đoạn 1
09:30:22 08/04/2014#Nhân viên#Nguyễn Thiện An#Thêm mới 1 hợp đồng số: 25
09:31:39 08/04/2014#Nhân viên#Nguyễn Thiện An#Lập phiếu thanh toán cho hợp đồng số: 24 giai đoạn 2
09:31:41 08/04/2014#Nhân viên#Nguyễn Thiện An#Lập phiếu thanh toán cho hợp đồng số: 24 giai đoạn 3
09:31:47 08/04/2014#Nhân viên#Nguyễn Thiện An#Lập phiếu thanh toán cho hợp đồng số: 25 giai đoạn 1
09:31:48 08/04/2014#Nhân viên#Nguyễn Thiện An#Lập phiếu thanh toán cho hợp đồng số: 25 giai đoạn 2
09:31:50 08/04/2014#Nhân viên#Nguyễn Thiện An#Lập phiếu thanh toán cho hợp đồng số: 25 giai đoạn 3
09:31:51 08/04/2014#Nhân viên#Nguyễn Thiện An#Lập phiếu thanh toán cho hợp đồng số: 25 giai đoạn 4
09:32:38 08/04/2014#Nhân viên#Nguyễn Thiện An#Thêm mới 1 hợp đồng số: 26
09:32:52 08/04/2014#Nhân viên#Nguyễn Thiện An#Lập phiếu thanh toán cho hợp đồng số: 26 giai đoạn 1
09:32:54 08/04/2014#Nhân viên#Nguyễn Thiện An#Lập phiếu thanh toán cho hợp đồng số: 26 giai đoạn 2
09:32:55 08/04/2014#Nhân viên#Nguyễn Thiện An#Lập phiếu thanh toán cho hợp đồng số: 26 giai đoạn 3
09:32:57 08/04/2014#Nhân viên#Nguyễn Thiện An#Lập phiếu thanh toán cho hợp đồng số: 26 giai đoạn 4
09:32:59 08/04/2014#Nhân viên#Nguyễn Thiện An#Lập phiếu thanh toán cho hợp đồng số: 26 giai đoạn 5
09:36:32 08/04/2014#Nhân viên#Nguyễn Thiện An#Xuất danh sách các thanh toán cần thu từ ngày: 08/04/2014 9:36:31 AM đến ngày 15/04/2014
09:36:32 08/04/2014#Nhân viên#Nguyễn Thiện An#Xuất danh sách các thanh toán cần thu từ ngày: 08/04/2014 9:36:31 AM đến ngày 15/04/2014
09:36:37 08/04/2014#Nhân viên#Nguyễn Thiện An#Xuất danh sách các thanh toán cần thu từ ngày: 03/03/2014 9:36:31 AM đến ngày 10/03/2014
09:37:10 08/04/2014#Nhân viên#Nguyễn Thiện An#Thoát chương trình mà không đăng xuất.
09:40:02 08/04/2014#Admin#Nguyễn An Vĩ#Đăng nhập hệ thống
09:40:07 08/04/2014#Admin#Nguyễn An Vĩ#Xuất danh sách các thanh toán cần thu từ ngày: 08/04/2014 9:40:06 AM đến ngày 15/04/2014
09:40:07 08/04/2014#Admin#Nguyễn An Vĩ#Xuất danh sách các thanh toán cần thu từ ngày: 08/04/2014 9:40:06 AM đến ngày 15/04/2014
09:40:12 08/04/2014#Admin#Nguyễn An Vĩ#Xuất danh sách các thanh toán cần thu từ ngày: 10/03/2014 9:40:06 AM đến ngày 17/03/2014
09:40:22 08/04/2014#Admin#Nguyễn An Vĩ#Thoát chương trình mà không đăng xuất.
09:41:24 08/04/2014#Admin#Nguyễn An Vĩ#Đăng nhập hệ thống
09:41:28 08/04/2014#Admin#Nguyễn An Vĩ#Xuất danh sách các thanh toán cần thu từ ngày: 08/04/2014 9:41:27 AM đến ngày 15/04/2014
09:41:28 08/04/2014#Admin#Nguyễn An Vĩ#Xuất danh sách các thanh toán cần thu từ ngày: 08/04/2014 9:41:27 AM đến ngày 15/04/2014
09:41:33 08/04/2014#Admin#Nguyễn An Vĩ#Xuất danh sách các thanh toán cần thu từ ngày: 10/03/2014 9:41:27 AM đến ngày 17/03/2014
09:41:36 08/04/2014#Admin#Nguyễn An Vĩ#Thoát chương trình mà không đăng xuất.
09:42:30 08/04/2014#Admin#Nguyễn An Vĩ#Đăng nhập hệ thống
09:42:36 08/04/2014#Admin#Nguyễn An Vĩ#Xuất danh sách các thanh toán cần thu từ ngày: 08/04/2014 9:42:35 AM đến ngày 15/04/2014
09:42:36 08/04/2014#Admin#Nguyễn An Vĩ#Xuất danh sách các thanh toán cần thu từ ngày: 08/04/2014 9:42:35 AM đến ngày 15/04/2014
09:42:43 08/04/2014#Admin#Nguyễn An Vĩ#Xuất danh sách các thanh toán cần thu từ ngày: 17/03/2014 9:42:35 AM đến ngày 24/03/2014
09:42:48 08/04/2014#Admin#Nguyễn An Vĩ#Thoát chương trình mà không đăng xuất.
09:43:57 08/04/2014#Admin#Nguyễn An Vĩ#Đăng nhập hệ thống
09:44:01 08/04/2014#Admin#Nguyễn An Vĩ#Xuất danh sách các thanh toán cần thu từ ngày: 08/04/2014 9:44:00 AM đến ngày 15/04/2014
09:44:01 08/04/2014#Admin#Nguyễn An Vĩ#Xuất danh sách các thanh toán cần thu từ ngày: 08/04/2014 9:44:00 AM đến ngày 15/04/2014
09:44:04 08/04/2014#Admin#Nguyễn An Vĩ#Thoát chương trình mà không đăng xuất.
09:44:34 08/04/2014#Admin#Nguyễn An Vĩ#Đăng nhập hệ thống
09:44:41 08/04/2014#Admin#Nguyễn An Vĩ#Xuất danh sách các thanh toán cần thu từ ngày: 08/04/2014 9:44:40 AM đến ngày 15/04/2014
09:44:41 08/04/2014#Admin#Nguyễn An Vĩ#Xuất danh sách các thanh toán cần thu từ ngày: 08/04/2014 9:44:40 AM đến ngày 15/04/2014
09:44:49 08/04/2014#Admin#Nguyễn An Vĩ#Xuất danh sách các thanh toán cần thu từ ngày: 10/03/2014 9:44:40 AM đến ngày 17/03/2014
09:45:00 08/04/2014#Admin#Nguyễn An Vĩ#Thoát chương trình mà không đăng xuất.
09:46:14 08/04/2014#Admin#Nguyễn An Vĩ#Đăng nhập hệ thống
09:46:18 08/04/2014#Admin#Nguyễn An Vĩ#Xuất danh sách các thanh toán cần thu từ ngày: 08/04/2014 9:46:17 AM đến ngày 15/04/2014
09:46:18 08/04/2014#Admin#Nguyễn An Vĩ#Xuất danh sách các thanh toán cần thu từ ngày: 08/04/2014 9:46:17 AM đến ngày 15/04/2014
09:46:24 08/04/2014#Admin#Nguyễn An Vĩ#Xuất danh sách các thanh toán cần thu từ ngày: 14/04/2014 9:46:17 AM đến ngày 21/04/2014
09:46:28 08/04/2014#Admin#Nguyễn An Vĩ#Xuất danh sách các thanh toán cần thu từ ngày: 10/03/2014 9:46:17 AM đến ngày 17/03/2014
09:46:38 08/04/2014#Admin#Nguyễn An Vĩ#Thoát chương trình mà không đăng xuất.
09:47:47 08/04/2014#Admin#Nguyễn An Vĩ#Đăng nhập hệ thống
09:47:52 08/04/2014#Admin#Nguyễn An Vĩ#Xuất danh sách các thanh toán cần thu từ ngày: 08/04/2014 9:47:51 AM đến ngày 15/04/2014
09:47:52 08/04/2014#Admin#Nguyễn An Vĩ#Xuất danh sách các thanh toán cần thu từ ngày: 08/04/2014 9:47:51 AM đến ngày 15/04/2014
09:48:00 08/04/2014#Admin#Nguyễn An Vĩ#Xuất danh sách các thanh toán cần thu từ ngày: 10/03/2014 9:47:51 AM đến ngày 17/03/2014
09:48:08 08/04/2014#Admin#Nguyễn An Vĩ#Thoát chương trình mà không đăng xuất.
10:20:41 08/04/2014#Admin#Nguyễn An Vĩ#Đăng nhập hệ thống
10:21:15 08/04/2014#Admin#Nguyễn An Vĩ#Xuất danh sách các thanh toán cần thu từ ngày: 08/04/2014 10:21:14 AM đến ngày 15/04/2014
10:21:15 08/04/2014#Admin#Nguyễn An Vĩ#Xuất danh sách các thanh toán cần thu từ ngày: 08/04/2014 10:21:14 AM đến ngày 15/04/2014
10:21:38 08/04/2014#Admin#Nguyễn An Vĩ#Thoát chương trình mà không đăng xuất.
10:58:18 08/04/2014#Admin#Nguyễn An Vĩ#Đăng nhập hệ thống
10:58:24 08/04/2014#Admin#Nguyễn An Vĩ#Đăng xuất hệ thống.
10:58:34 08/04/2014#Nhân viên#Nguyễn Thiện An#Đăng nhập hệ thống
10:59:08 08/04/2014#Nhân viên#Nguyễn Thiện An#Cấu hình kết nối CSDL
10:59:14 08/04/2014#Nhân viên#Nguyễn Thiện An#Thoát chương trình mà không đăng xuất.
12:06:04 08/04/2014#Admin#Nguyễn An Vĩ#Đăng nhập hệ thống
12:07:03 08/04/2014#Admin#Nguyễn An Vĩ#Đọc tin tức (RSS)
12:08:59 08/04/2014#Admin#Nguyễn An Vĩ#Xuất báo cáo danh sách các khách hàng nhiều hợp đồng
12:09:04 08/04/2014#Admin#Nguyễn An Vĩ#Xuất danh sách các thanh toán cần thu từ ngày: 08/04/2014 12:09:03 PM đến ngày 15/04/2014
12:09:04 08/04/2014#Admin#Nguyễn An Vĩ#Xuất danh sách các thanh toán cần thu từ ngày: 08/04/2014 12:09:03 PM đến ngày 15/04/2014
12:09:37 08/04/2014#Admin#Nguyễn An Vĩ#Thoát chương trình mà không đăng xuất.
12:10:02 08/04/2014#Nhân viên#Nguyễn Thiện An#Đăng nhập hệ thống
12:10:13 08/04/2014#Nhân viên#Nguyễn Thiện An#Đăng xuất hệ thống.
12:10:18 08/04/2014#Admin#Nguyễn An Vĩ#Đăng nhập hệ thống
12:10:19 08/04/2014#Admin#Nguyễn An Vĩ#Cấu hình kết nối CSDL
12:10:28 08/04/2014#Admin#Nguyễn An Vĩ#Thoát chương trình mà không đăng xuất.
12:15:27 08/04/2014#Admin#Nguyễn An Vĩ#Đăng nhập hệ thống
12:15:53 08/04/2014#Admin#Nguyễn An Vĩ#Thoát chương trình mà không đăng xuất.
15:11:15 08/04/2014#Nhân viên#Nguyễn Thiện An#Đăng nhập hệ thống
15:11:17 08/04/2014#Nhân viên#Nguyễn Thiện An#Lướt web
15:11:41 08/04/2014#Nhân viên#Nguyễn Thiện An#Lướt web
15:12:39 08/04/2014#Nhân viên#Nguyễn Thiện An#Lướt web
15:16:34 08/04/2014#Nhân viên#Nguyễn Thiện An#Thoát chương trình mà không đăng xuất.
21:20:55 08/04/2014#Admin#Nguyễn An Vĩ#Đăng nhập hệ thống
21:21:52 08/04/2014#Admin#Nguyễn An Vĩ#Xuất danh sách các thanh toán cần thu từ ngày: 08/04/2014 9:21:51 PM đến ngày 15/04/2014
21:21:52 08/04/2014#Admin#Nguyễn An Vĩ#Xuất danh sách các thanh toán cần thu từ ngày: 08/04/2014 9:21:51 PM đến ngày 15/04/2014
21:22:19 08/04/2014#Admin#Nguyễn An Vĩ#Xuất danh sách các thanh toán cần thu từ ngày: 22/04/2014 9:21:51 PM đến ngày 29/04/2014
21:23:31 08/04/2014#Admin#Nguyễn An Vĩ#Thay đổi thông tin cơ bản một hoặc nhiều khách hàng.
21:24:27 08/04/2014#Admin#Nguyễn An Vĩ#Thoát chương trình mà không đăng xuất.
21:25:58 08/04/2014#Admin#Nguyễn An Vĩ#Đăng nhập hệ thống
21:27:26 08/04/2014#Admin#Nguyễn An Vĩ#Thoát chương trình mà không đăng xuất.
21:58:52 08/04/2014#Admin#Nguyễn An Vĩ#Đăng nhập hệ thống
21:59:11 08/04/2014#Admin#Nguyễn An Vĩ#Thoát chương trình mà không đăng xuất.
22:00:28 08/04/2014#Admin#Nguyễn An Vĩ#Đăng nhập hệ thống
22:00:40 08/04/2014#Admin#Nguyễn An Vĩ#Thoát chương trình mà không đăng xuất.
22:02:13 08/04/2014#Admin#Nguyễn An Vĩ#Đăng nhập hệ thống
22:02:21 08/04/2014#Admin#Nguyễn An Vĩ#Thoát chương trình mà không đăng xuất.
22:03:48 08/04/2014#Admin#Nguyễn An Vĩ#Đăng nhập hệ thống
22:04:07 08/04/2014#Admin#Nguyễn An Vĩ#Thoát chương trình mà không đăng xuất.
22:06:51 08/04/2014#Admin#Nguyễn An Vĩ#Đăng nhập hệ thống
22:07:16 08/04/2014#Admin#Nguyễn An Vĩ#Thoát chương trình mà không đăng xuất.
10:08:05 09/04/2014#Admin#Nguyễn An Vĩ#Đăng nhập hệ thống
10:08:12 09/04/2014#Admin#Nguyễn An Vĩ#Xuất danh sách các thanh toán cần thu từ ngày: 09/04/2014 10:08:11 AM đến ngày 16/04/2014
10:08:12 09/04/2014#Admin#Nguyễn An Vĩ#Xuất danh sách các thanh toán cần thu từ ngày: 09/04/2014 10:08:11 AM đến ngày 16/04/2014
10:08:17 09/04/2014#Admin#Nguyễn An Vĩ#Xuất danh sách các thanh toán cần thu từ ngày: 10/03/2014 10:08:11 AM đến ngày 17/03/2014
10:10:57 09/04/2014#Admin#Nguyễn An Vĩ#Thoát chương trình mà không đăng xuất.
10:43:36 09/04/2014#Admin#Nguyễn An Vĩ#Đăng nhập hệ thống
10:44:34 09/04/2014#Admin#Nguyễn An Vĩ#Thoát chương trình mà không đăng xuất.
10:45:13 09/04/2014#Admin#Nguyễn An Vĩ#Đăng nhập hệ thống
10:45:21 09/04/2014#Admin#Nguyễn An Vĩ#Thoát chương trình mà không đăng xuất.
11:07:46 09/04/2014#Admin#Nguyễn An Vĩ#Đăng nhập hệ thống
11:08:08 09/04/2014#Admin#Nguyễn An Vĩ#Thoát chương trình mà không đăng xuất.
11:09:03 09/04/2014#Admin#Nguyễn An Vĩ#Đăng nhập hệ thống
11:13:40 09/04/2014#Admin#Nguyễn An Vĩ#Thoát chương trình mà không đăng xuất.
11:43:17 09/04/2014#Admin#Nguyễn An Vĩ#Đăng nhập hệ thống
11:43:20 09/04/2014#Admin#Nguyễn An Vĩ#Thoát chương trình mà không đăng xuất.
11:44:59 09/04/2014#Admin#Nguyễn An Vĩ#Đăng nhập hệ thống
11:46:39 09/04/2014#Admin#Nguyễn An Vĩ#Thoát chương trình mà không đăng xuất.
12:39:06 09/04/2014#Admin#Nguyễn An Vĩ#Đăng nhập hệ thống
12:39:49 09/04/2014#Admin#Nguyễn An Vĩ#Thoát chương trình mà không đăng xuất.
12:42:07 09/04/2014#Admin#Nguyễn An Vĩ#Đăng nhập hệ thống
12:47:47 09/04/2014#Admin#Nguyễn An Vĩ#Đăng nhập hệ thống
12:52:30 09/04/2014#Admin#Nguyễn An Vĩ#Thoát chương trình mà không đăng xuất.
13:00:43 09/04/2014#Admin#Nguyễn An Vĩ#Đăng nhập hệ thống
13:03:35 09/04/2014#Admin#Nguyễn An Vĩ#Đăng nhập hệ thống
13:05:35 09/04/2014#Admin#Nguyễn An Vĩ#Đăng nhập hệ thống
13:10:21 09/04/2014#Admin#Nguyễn An Vĩ#Đăng nhập hệ thống
13:12:52 09/04/2014#Admin#Nguyễn An Vĩ#Thoát chương trình mà không đăng xuất.
14:27:25 09/04/2014#Admin#Nguyễn An Vĩ#Đăng nhập hệ thống
14:28:28 09/04/2014#Admin#Nguyễn An Vĩ#Thoát chương trình mà không đăng xuất.
14:29:24 09/04/2014#Admin#Nguyễn An Vĩ#Đăng nhập hệ thống
14:30:02 09/04/2014#Admin#Nguyễn An Vĩ#Thoát chương trình mà không đăng xuất.
14:42:25 09/04/2014#Admin#Nguyễn An Vĩ#Đăng nhập hệ thống
14:42:57 09/04/2014#Admin#Nguyễn An Vĩ#Thoát chương trình mà không đăng xuất.
14:45:56 09/04/2014#Admin#Nguyễn An Vĩ#Đăng nhập hệ thống
14:46:14 09/04/2014#Admin#Nguyễn An Vĩ#Thoát chương trình mà không đăng xuất.
14:47:20 09/04/2014#Admin#Nguyễn An Vĩ#Đăng nhập hệ thống
14:47:59 09/04/2014#Admin#Nguyễn An Vĩ#Thoát chương trình mà không đăng xuất.
14:50:57 09/04/2014#Admin#Nguyễn An Vĩ#Đăng nhập hệ thống
14:57:23 09/04/2014#Admin#Nguyễn An Vĩ#Đọc tin tức (RSS)
14:57:43 09/04/2014#Admin#Nguyễn An Vĩ#Xuất danh sách các chương trình tổ chức trong ngày: 09/04/2014 2:57:41 PM
14:57:43 09/04/2014#Admin#Nguyễn An Vĩ#Xuất danh sách các chương trình tổ chức trong ngày: 09/04/2014 2:57:41 PM
14:57:54 09/04/2014#Admin#Nguyễn An Vĩ#Xuất danh sách các thanh toán cần thu từ ngày: 09/04/2014 2:57:54 PM đến ngày 16/04/2014
14:57:54 09/04/2014#Admin#Nguyễn An Vĩ#Xuất danh sách các thanh toán cần thu từ ngày: 09/04/2014 2:57:54 PM đến ngày 16/04/2014
14:58:08 09/04/2014#Admin#Nguyễn An Vĩ#Xuất báo cáo danh sách các khách hàng nhiều hợp đồng
14:59:33 09/04/2014#Admin#Nguyễn An Vĩ#Lướt web
14:59:59 09/04/2014#Admin#Nguyễn An Vĩ#Thoát chương trình mà không đăng xuất.
15:01:21 09/04/2014#Admin#Nguyễn An Vĩ#Đăng nhập hệ thống
15:01:35 09/04/2014#Admin#Nguyễn An Vĩ#Cấu hình kết nối CSDL
15:02:31 09/04/2014#Admin#Nguyễn An Vĩ#Thoát chương trình mà không đăng xuất.
15:03:14 09/04/2014#Admin#Nguyễn An Vĩ#Đăng nhập hệ thống
15:05:34 09/04/2014#Admin#Nguyễn An Vĩ#Thoát chương trình mà không đăng xuất.
15:06:17 09/04/2014#Admin#Nguyễn An Vĩ#Đăng nhập hệ thống
15:09:27 09/04/2014#Admin#Nguyễn An Vĩ#Xuất báo cáo danh sách các khách hàng nhiều hợp đồng
15:14:19 09/04/2014#Admin#Nguyễn An Vĩ#Đăng xuất hệ thống.
15:14:25 09/04/2014#Nhân viên#Nguyễn Thiện An#Đăng nhập hệ thống
15:25:25 09/04/2014#Admin#Nguyễn An Vĩ#Đăng nhập hệ thống
15:25:36 09/04/2014#Admin#Nguyễn An Vĩ#Tìm kiếm khách hàng nâng cao với 2 điều kiện
15:25:45 09/04/2014#Admin#Nguyễn An Vĩ#Tìm kiếm khách hàng nâng cao với 2 điều kiện
15:25:56 09/04/2014#Admin#Nguyễn An Vĩ#Tìm kiếm khách hàng nâng cao với 2 điều kiện
15:25:58 09/04/2014#Admin#Nguyễn An Vĩ#Tìm kiếm khách hàng nâng cao với 2 điều kiện
15:26:00 09/04/2014#Admin#Nguyễn An Vĩ#Tìm kiếm khách hàng nâng cao với 2 điều kiện
15:33:46 09/04/2014#Admin#Nguyễn An Vĩ#Tìm kiếm nâng cao cao
15:33:55 09/04/2014#Admin#Nguyễn An Vĩ#Tìm kiếm nâng cao cao
15:34:02 09/04/2014#Admin#Nguyễn An Vĩ#Tìm kiếm khách hàng nâng cao với 2 điều kiện
15:34:12 09/04/2014#Admin#Nguyễn An Vĩ#Tìm kiếm khách hàng nâng cao với 2 điều kiện
15:37:17 09/04/2014#Admin#Nguyễn An Vĩ#Tìm kiếm khách hàng nâng cao với 1 điều kiện
15:37:18 09/04/2014#Admin#Nguyễn An Vĩ#Tìm kiếm khách hàng nâng cao với 1 điều kiện
15:39:43 09/04/2014#Admin#Nguyễn An Vĩ#Thoát chương trình mà không đăng xuất.
17:10:16 09/04/2014#Admin#Nguyễn An Vĩ#Đăng nhập hệ thống
17:23:31 09/04/2014#Admin#Nguyễn An Vĩ#Thoát chương trình mà không đăng xuất.
21:01:40 09/04/2014#Admin#Nguyễn An Vĩ#Đăng nhập hệ thống
21:01:51 09/04/2014#Admin#Nguyễn An Vĩ#Xuất danh sách các chương trình tổ chức trong ngày: 09/04/2014 9:01:50 PM
21:01:51 09/04/2014#Admin#Nguyễn An Vĩ#Xuất danh sách các chương trình tổ chức trong ngày: 09/04/2014 9:01:50 PM
21:01:59 09/04/2014#Admin#Nguyễn An Vĩ#Xuất danh sách các thanh toán cần thu từ ngày: 09/04/2014 9:01:58 PM đến ngày 16/04/2014
21:01:59 09/04/2014#Admin#Nguyễn An Vĩ#Xuất danh sách các thanh toán cần thu từ ngày: 09/04/2014 9:01:58 PM đến ngày 16/04/2014
21:02:04 09/04/2014#Admin#Nguyễn An Vĩ#Xuất danh sách các thanh toán cần thu từ ngày: 17/02/2014 9:01:58 PM đến ngày 24/02/2014
21:06:44 09/04/2014#Admin#Nguyễn An Vĩ#Tìm kiếm nâng cao cao
21:08:17 09/04/2014#Admin#Nguyễn An Vĩ#Tìm kiếm khách hàng nâng cao với 5 điều kiện
21:09:24 09/04/2014#Admin#Nguyễn An Vĩ#Tìm kiếm khách hàng nâng cao với 7 điều kiện
21:09:25 09/04/2014#Admin#Nguyễn An Vĩ#Tìm kiếm khách hàng nâng cao với 7 điều kiện
21:09:25 09/04/2014#Admin#Nguyễn An Vĩ#Tìm kiếm khách hàng nâng cao với 7 điều kiện
21:09:26 09/04/2014#Admin#Nguyễn An Vĩ#Tìm kiếm khách hàng nâng cao với 7 điều kiện
21:09:26 09/04/2014#Admin#Nguyễn An Vĩ#Tìm kiếm khách hàng nâng cao với 7 điều kiện
21:09:26 09/04/2014#Admin#Nguyễn An Vĩ#Tìm kiếm khách hàng nâng cao với 7 điều kiện
21:09:26 09/04/2014#Admin#Nguyễn An Vĩ#Tìm kiếm khách hàng nâng cao với 7 điều kiện
21:09:26 09/04/2014#Admin#Nguyễn An Vĩ#Tìm kiếm khách hàng nâng cao với 7 điều kiện
21:09:27 09/04/2014#Admin#Nguyễn An Vĩ#Tìm kiếm khách hàng nâng cao với 7 điều kiện
21:09:50 09/04/2014#Admin#Nguyễn An Vĩ#Tìm kiếm khách hàng nâng cao với 8 điều kiện
21:09:52 09/04/2014#Admin#Nguyễn An Vĩ#Tìm kiếm khách hàng nâng cao với 8 điều kiện
21:09:54 09/04/2014#Admin#Nguyễn An Vĩ#Tìm kiếm khách hàng nâng cao với 8 điều kiện
21:10:29 09/04/2014#Admin#Nguyễn An Vĩ#Tìm kiếm nâng cao cao
21:12:09 09/04/2014#Admin#Nguyễn An Vĩ#Thoát chương trình mà không đăng xuất.
23:27:55 09/04/2014#Admin#Nguyễn An Vĩ#Đăng nhập hệ thống
23:28:07 09/04/2014#Admin#Nguyễn An Vĩ#Tìm kiếm khách hàng nâng cao với 1 điều kiện
23:28:21 09/04/2014#Admin#Nguyễn An Vĩ#Tìm kiếm khách hàng nâng cao với 2 điều kiện
23:28:26 09/04/2014#Admin#Nguyễn An Vĩ#Tìm kiếm khách hàng nâng cao với 2 điều kiện
23:29:13 09/04/2014#Admin#Nguyễn An Vĩ#Thoát chương trình mà không đăng xuất.
23:31:54 09/04/2014#Admin#Nguyễn An Vĩ#Đăng nhập hệ thống
23:32:02 09/04/2014#Admin#Nguyễn An Vĩ#Tìm kiếm khách hàng nâng cao với 1 điều kiện
23:32:55 09/04/2014#Admin#Nguyễn An Vĩ#Thoát chương trình mà không đăng xuất.
23:35:06 09/04/2014#Admin#Nguyễn An Vĩ#Đăng nhập hệ thống
23:35:19 09/04/2014#Admin#Nguyễn An Vĩ#Tìm kiếm khách hàng nâng cao với 2 điều kiện
23:38:11 09/04/2014#Admin#Nguyễn An Vĩ#Tìm kiếm khách hàng nâng cao với 2 điều kiện
23:38:13 09/04/2014#Admin#Nguyễn An Vĩ#Tìm kiếm khách hàng nâng cao với 2 điều kiện
23:38:14 09/04/2014#Admin#Nguyễn An Vĩ#Tìm kiếm khách hàng nâng cao với 2 điều kiện
23:38:20 09/04/2014#Admin#Nguyễn An Vĩ#Tìm kiếm khách hàng nâng cao với 2 điều kiện
23:38:24 09/04/2014#Admin#Nguyễn An Vĩ#Tìm kiếm khách hàng nâng cao với 2 điều kiện
23:38:29 09/04/2014#Admin#Nguyễn An Vĩ#Thoát chương trình mà không đăng xuất.
23:39:27 09/04/2014#Admin#Nguyễn An Vĩ#Đăng nhập hệ thống
23:39:52 09/04/2014#Admin#Nguyễn An Vĩ#Tìm kiếm khách hàng nâng cao với 2 điều kiện
23:40:13 09/04/2014#Admin#Nguyễn An Vĩ#Tìm kiếm khách hàng nâng cao với 3 điều kiện
23:40:16 09/04/2014#Admin#Nguyễn An Vĩ#Tìm kiếm khách hàng nâng cao với 3 điều kiện
23:43:54 09/04/2014#Admin#Nguyễn An Vĩ#Xuất báo cáo danh sách các khách hàng nhiều hợp đồng
23:43:57 09/04/2014#Admin#Nguyễn An Vĩ#Xuất danh sách các thanh toán cần thu từ ngày: 09/04/2014 11:43:57 PM đến ngày 16/04/2014
23:43:57 09/04/2014#Admin#Nguyễn An Vĩ#Xuất danh sách các thanh toán cần thu từ ngày: 09/04/2014 11:43:57 PM đến ngày 16/04/2014
23:44:00 09/04/2014#Admin#Nguyễn An Vĩ#Xuất danh sách các chương trình tổ chức trong ngày: 09/04/2014 11:44:00 PM
23:44:00 09/04/2014#Admin#Nguyễn An Vĩ#Xuất danh sách các chương trình tổ chức trong ngày: 09/04/2014 11:44:00 PM
23:44:05 09/04/2014#Admin#Nguyễn An Vĩ#Xuất danh sách các chương trình tổ chức trong ngày: 03/03/2014 11:44:00 PM
23:44:09 09/04/2014#Admin#Nguyễn An Vĩ#Xuất danh sách các chương trình tổ chức trong ngày: 18/03/2014 11:44:00 PM
23:44:33 09/04/2014#Admin#Nguyễn An Vĩ#Xuất danh sách các thanh toán cần thu từ ngày: 10/03/2014 11:43:57 PM đến ngày 17/03/2014
23:44:39 09/04/2014#Admin#Nguyễn An Vĩ#Thoát chương trình mà không đăng xuất.
23:45:32 09/04/2014#Admin#Nguyễn An Vĩ#Đăng nhập hệ thống
23:45:46 09/04/2014#Admin#Nguyễn An Vĩ#Tìm kiếm khách hàng nâng cao với 2 điều kiện
23:46:14 09/04/2014#Admin#Nguyễn An Vĩ#Thoát chương trình mà không đăng xuất.
23:47:45 09/04/2014#Admin#Nguyễn An Vĩ#Đăng nhập hệ thống
23:47:52 09/04/2014#Admin#Nguyễn An Vĩ#Xuất danh sách các thanh toán cần thu từ ngày: 09/04/2014 11:47:51 PM đến ngày 16/04/2014
23:47:52 09/04/2014#Admin#Nguyễn An Vĩ#Xuất danh sách các thanh toán cần thu từ ngày: 09/04/2014 11:47:51 PM đến ngày 16/04/2014
23:47:53 09/04/2014#Admin#Nguyễn An Vĩ#Xuất danh sách các chương trình tổ chức trong ngày: 09/04/2014 11:47:53 PM
23:47:54 09/04/2014#Admin#Nguyễn An Vĩ#Xuất danh sách các chương trình tổ chức trong ngày: 09/04/2014 11:47:53 PM
23:47:58 09/04/2014#Admin#Nguyễn An Vĩ#Xuất danh sách các chương trình tổ chức trong ngày: 10/03/2014 11:47:53 PM
23:48:03 09/04/2014#Admin#Nguyễn An Vĩ#Xuất danh sách các chương trình tổ chức trong ngày: 18/03/2014 11:47:53 PM
23:48:09 09/04/2014#Admin#Nguyễn An Vĩ#Thoát chương trình mà không đăng xuất.
23:53:05 09/04/2014#Admin#Nguyễn An Vĩ#Đăng nhập hệ thống
23:53:11 09/04/2014#Admin#Nguyễn An Vĩ#Xuất báo cáo danh sách các khách hàng nhiều hợp đồng
23:53:39 09/04/2014#Admin#Nguyễn An Vĩ#Thoát chương trình mà không đăng xuất.
23:57:55 09/04/2014#Admin#Nguyễn An Vĩ#Đăng nhập hệ thống
23:58:13 09/04/2014#Admin#Nguyễn An Vĩ#Tìm kiếm khách hàng nâng cao với 2 điều kiện
23:58:16 09/04/2014#Admin#Nguyễn An Vĩ#Tìm kiếm khách hàng nâng cao với 2 điều kiện
23:58:32 09/04/2014#Admin#Nguyễn An Vĩ#Xuất danh sách các thanh toán cần thu từ ngày: 09/04/2014 11:58:32 PM đến ngày 16/04/2014
23:58:32 09/04/2014#Admin#Nguyễn An Vĩ#Xuất danh sách các thanh toán cần thu từ ngày: 09/04/2014 11:58:32 PM đến ngày 16/04/2014
23:58:38 09/04/2014#Admin#Nguyễn An Vĩ#Xuất danh sách các thanh toán cần thu từ ngày: 03/03/2014 11:58:32 PM đến ngày 10/03/2014
23:59:45 09/04/2014#Admin#Nguyễn An Vĩ#Thoát chương trình mà không đăng xuất.
09:31:37 10/04/2014#Admin#Nguyễn An Vĩ#Đăng nhập hệ thống
09:31:56 10/04/2014#Admin#Nguyễn An Vĩ#Tìm kiếm khách hàng nâng cao với 1 điều kiện
09:35:15 10/04/2014#Admin#Nguyễn An Vĩ#Tìm kiếm nâng cao cao
09:35:29 10/04/2014#Admin#Nguyễn An Vĩ#Tìm kiếm nâng cao cao
09:35:42 10/04/2014#Admin#Nguyễn An Vĩ#Tìm kiếm nâng cao cao
09:35:53 10/04/2014#Admin#Nguyễn An Vĩ#Xuất báo cáo danh sách các khách hàng nhiều hợp đồng
09:35:56 10/04/2014#Admin#Nguyễn An Vĩ#Xuất danh sách các thanh toán cần thu từ ngày: 10/04/2014 9:35:55 AM đến ngày 17/04/2014
09:35:56 10/04/2014#Admin#Nguyễn An Vĩ#Xuất danh sách các thanh toán cần thu từ ngày: 10/04/2014 9:35:55 AM đến ngày 17/04/2014
09:35:58 10/04/2014#Admin#Nguyễn An Vĩ#Xuất danh sách các chương trình tổ chức trong ngày: 10/04/2014 9:35:58 AM
09:35:58 10/04/2014#Admin#Nguyễn An Vĩ#Xuất danh sách các chương trình tổ chức trong ngày: 10/04/2014 9:35:58 AM
09:42:40 10/04/2014#Admin#Nguyễn An Vĩ#Thoát chương trình mà không đăng xuất.
12:22:01 10/04/2014#Admin#Nguyễn An Vĩ#Đăng nhập hệ thống
12:22:25 10/04/2014#Admin#Nguyễn An Vĩ#Tìm kiếm khách hàng nâng cao với 2 điều kiện
12:22:33 10/04/2014#Admin#Nguyễn An Vĩ#Tìm kiếm khách hàng nâng cao với 2 điều kiện
12:22:53 10/04/2014#Admin#Nguyễn An Vĩ#Tìm kiếm nâng cao cao
12:23:00 10/04/2014#Admin#Nguyễn An Vĩ#Tìm kiếm khách hàng nâng cao với 2 điều kiện
12:26:03 10/04/2014#Admin#Nguyễn An Vĩ#Tìm kiếm nâng cao cao
12:26:43 10/04/2014#Admin#Nguyễn An Vĩ#Tìm kiếm khách hàng nâng cao với 6 điều kiện
12:26:46 10/04/2014#Admin#Nguyễn An Vĩ#Tìm kiếm khách hàng nâng cao với 6 điều kiện
12:26:46 10/04/2014#Admin#Nguyễn An Vĩ#Tìm kiếm khách hàng nâng cao với 6 điều kiện
12:26:47 10/04/2014#Admin#Nguyễn An Vĩ#Tìm kiếm khách hàng nâng cao với 6 điều kiện
12:26:47 10/04/2014#Admin#Nguyễn An Vĩ#Tìm kiếm khách hàng nâng cao với 6 điều kiện
12:26:50 10/04/2014#Admin#Nguyễn An Vĩ#Tìm kiếm khách hàng nâng cao với 6 điều kiện
12:28:08 10/04/2014#Admin#Nguyễn An Vĩ#Thoát chương trình mà không đăng xuất.
12:30:26 10/04/2014#Admin#Nguyễn An Vĩ#Đăng nhập hệ thống
12:31:22 10/04/2014#Admin#Nguyễn An Vĩ#Tìm kiếm khách hàng nâng cao với 3 điều kiện
12:31:25 10/04/2014#Admin#Nguyễn An Vĩ#Tìm kiếm khách hàng nâng cao với 3 điều kiện
12:31:27 10/04/2014#Admin#Nguyễn An Vĩ#Tìm kiếm khách hàng nâng cao với 3 điều kiện
12:31:32 10/04/2014#Admin#Nguyễn An Vĩ#Tìm kiếm khách hàng nâng cao với 3 điều kiện
12:31:59 10/04/2014#Admin#Nguyễn An Vĩ#Tìm kiếm khách hàng nâng cao với 4 điều kiện
12:32:08 10/04/2014#Admin#Nguyễn An Vĩ#Tìm kiếm khách hàng nâng cao với 4 điều kiện
12:32:21 10/04/2014#Admin#Nguyễn An Vĩ#Tìm kiếm khách hàng nâng cao với 4 điều kiện
12:32:24 10/04/2014#Admin#Nguyễn An Vĩ#Tìm kiếm khách hàng nâng cao với 3 điều kiện
12:32:25 10/04/2014#Admin#Nguyễn An Vĩ#Tìm kiếm khách hàng nâng cao với 3 điều kiện
12:32:26 10/04/2014#Admin#Nguyễn An Vĩ#Tìm kiếm khách hàng nâng cao với 3 điều kiện
12:32:27 10/04/2014#Admin#Nguyễn An Vĩ#Tìm kiếm khách hàng nâng cao với 3 điều kiện
12:32:34 10/04/2014#Admin#Nguyễn An Vĩ#Tìm kiếm khách hàng nâng cao với 3 điều kiện
12:32:40 10/04/2014#Admin#Nguyễn An Vĩ#Tìm kiếm khách hàng nâng cao với 3 điều kiện
12:32:53 10/04/2014#Admin#Nguyễn An Vĩ#Tìm kiếm khách hàng nâng cao với 4 điều kiện
12:33:08 10/04/2014#Admin#Nguyễn An Vĩ#Thoát chương trình mà không đăng xuất.
12:34:51 10/04/2014#Admin#Nguyễn An Vĩ#Đăng nhập hệ thống
12:35:05 10/04/2014#Admin#Nguyễn An Vĩ#Tìm kiếm khách hàng nâng cao với 1 điều kiện
12:35:05 10/04/2014#Admin#Nguyễn An Vĩ#Tìm kiếm khách hàng nâng cao với 1 điều kiện
12:35:18 10/04/2014#Admin#Nguyễn An Vĩ#Tìm kiếm nâng cao cao
12:35:23 10/04/2014#Admin#Nguyễn An Vĩ#Tìm kiếm nâng cao cao
12:35:28 10/04/2014#Admin#Nguyễn An Vĩ#Tìm kiếm nâng cao cao
12:35:31 10/04/2014#Admin#Nguyễn An Vĩ#Tìm kiếm khách hàng nâng cao với 1 điều kiện
12:35:38 10/04/2014#Admin#Nguyễn An Vĩ#Tìm kiếm khách hàng nâng cao với 1 điều kiện
12:35:39 10/04/2014#Admin#Nguyễn An Vĩ#Tìm kiếm khách hàng nâng cao với 1 điều kiện
12:35:39 10/04/2014#Admin#Nguyễn An Vĩ#Tìm kiếm khách hàng nâng cao với 1 điều kiện
12:35:39 10/04/2014#Admin#Nguyễn An Vĩ#Tìm kiếm khách hàng nâng cao với 1 điều kiện
12:35:40 10/04/2014#Admin#Nguyễn An Vĩ#Tìm kiếm khách hàng nâng cao với 1 điều kiện
12:35:40 10/04/2014#Admin#Nguyễn An Vĩ#Tìm kiếm khách hàng nâng cao với 1 điều kiện
12:35:40 10/04/2014#Admin#Nguyễn An Vĩ#Tìm kiếm khách hàng nâng cao với 1 điều kiện
12:35:41 10/04/2014#Admin#Nguyễn An Vĩ#Tìm kiếm khách hàng nâng cao với 1 điều kiện
12:35:41 10/04/2014#Admin#Nguyễn An Vĩ#Tìm kiếm khách hàng nâng cao với 1 điều kiện
12:35:47 10/04/2014#Admin#Nguyễn An Vĩ#Thoát chương trình mà không đăng xuất.
16:59:44 10/04/2014#Admin#Nguyễn An Vĩ#Đăng nhập hệ thống
17:00:40 10/04/2014#Admin#Nguyễn An Vĩ#Sao lưu CSDL vào: C:\Users\ThienAn\Desktop\saoluu.bak
17:00:54 10/04/2014#Admin#Nguyễn An Vĩ#Cấu hình kết nối CSDL
17:01:43 10/04/2014#Admin#Nguyễn An Vĩ#Xuất danh sách khách hàng.
17:03:44 10/04/2014#Admin#Nguyễn An Vĩ#Thoát chương trình mà không đăng xuất.
17:04:05 10/04/2014#Admin#Nguyễn An Vĩ#Đăng nhập hệ thống
17:06:06 10/04/2014#Admin#Nguyễn An Vĩ#Đăng nhập hệ thống
17:06:26 10/04/2014#Admin#Nguyễn An Vĩ#Thoát chương trình mà không đăng xuất.
17:07:50 10/04/2014#Admin#Nguyễn An Vĩ#Đăng nhập hệ thống
17:11:34 10/04/2014#Admin#Nguyễn An Vĩ#Thoát chương trình mà không đăng xuất.
17:12:06 10/04/2014#Admin#Nguyễn An Vĩ#Đăng nhập hệ thống
17:14:04 10/04/2014#Admin#Nguyễn An Vĩ#Đăng nhập hệ thống
17:14:24 10/04/2014#Admin#Nguyễn An Vĩ#Thoát chương trình mà không đăng xuất.
17:15:25 10/04/2014#Admin#Nguyễn An Vĩ#Đăng nhập hệ thống
17:16:05 10/04/2014#Admin#Nguyễn An Vĩ#Thoát chương trình mà không đăng xuất.
10:35:39 11/04/2014#Admin#Nguyễn An Vĩ#Đăng nhập hệ thống
10:36:00 11/04/2014#Admin#Nguyễn An Vĩ#Thoát chương trình mà không đăng xuất.
10:37:44 11/04/2014#Admin#Nguyễn An Vĩ#Đăng nhập hệ thống
10:40:19 11/04/2014#Admin#Nguyễn An Vĩ#Đăng nhập hệ thống
10:42:19 11/04/2014#Admin#Nguyễn An Vĩ#Thoát chương trình mà không đăng xuất.
10:43:15 11/04/2014#Admin#Nguyễn An Vĩ#Đăng nhập hệ thống
10:43:54 11/04/2014#Admin#Nguyễn An Vĩ#Thoát chương trình mà không đăng xuất.
10:45:37 11/04/2014#Admin#Nguyễn An Vĩ#Đăng nhập hệ thống
10:46:54 11/04/2014#Admin#Nguyễn An Vĩ#Thoát chương trình mà không đăng xuất.
11:15:35 11/04/2014#Admin#Nguyễn An Vĩ#Đăng nhập hệ thống
11:15:47 11/04/2014#Admin#Nguyễn An Vĩ#Cấu hình kết nối CSDL
11:22:23 11/04/2014#Admin#Nguyễn An Vĩ#Đăng xuất hệ thống.
11:31:56 11/04/2014#Admin#Nguyễn An Vĩ#Đăng nhập hệ thống
11:35:49 11/04/2014#Admin#Nguyễn An Vĩ#Cấu hình kết nối CSDL
11:49:35 11/04/2014#Admin#Nguyễn An Vĩ#Lướt web
11:50:10 11/04/2014#Admin#Nguyễn An Vĩ#Lướt web
12:07:31 11/04/2014#Admin#Nguyễn An Vĩ#Đăng xuất hệ thống.
12:15:11 11/04/2014#Admin#Nguyễn An Vĩ#Đăng nhập hệ thống
12:15:12 11/04/2014#Admin#Nguyễn An Vĩ#Lướt web
12:17:45 11/04/2014#Admin#Nguyễn An Vĩ#Đọc tin tức (RSS)
13:34:13 11/04/2014#Admin#Nguyễn An Vĩ#Thoát chương trình mà không đăng xuất.
14:28:15 11/04/2014#Admin#Nguyễn An Vĩ#Đăng nhập hệ thống
15:05:18 11/04/2014#Admin#Nguyễn An Vĩ#Tìm kiếm khách hàng nâng cao với 2 điều kiện
15:16:53 11/04/2014#Admin#Nguyễn An Vĩ#Thoát chương trình mà không đăng xuất.
15:52:12 11/04/2014#Admin#Nguyễn An Vĩ#Đăng nhập hệ thống
15:53:15 11/04/2014#Admin#Nguyễn An Vĩ#Thoát chương trình mà không đăng xuất.
15:54:12 11/04/2014#Admin#Nguyễn An Vĩ#Đăng nhập hệ thống
15:56:05 11/04/2014#Admin#Nguyễn An Vĩ#Thoát chương trình mà không đăng xuất.
13:19:36 14/04/2014#Admin#Nguyễn An Vĩ#Đăng nhập hệ thống
13:19:37 14/04/2014#Admin#Nguyễn An Vĩ#Thoát chương trình mà không đăng xuất.
15:36:36 14/04/2014#Admin#Nguyễn An Vĩ#Đăng nhập hệ thống
15:36:50 14/04/2014#Admin#Nguyễn An Vĩ#Thoát chương trình mà không đăng xuất.
13:14:37 15/04/2014#Admin#Nguyễn An Vĩ#Đăng nhập hệ thống
13:14:47 15/04/2014#Admin#Nguyễn An Vĩ#Xuất danh sách các chương trình tổ chức trong ngày: 15/04/2014 1:14:45 PM
13:14:47 15/04/2014#Admin#Nguyễn An Vĩ#Xuất danh sách các chương trình tổ chức trong ngày: 15/04/2014 1:14:45 PM
13:15:00 15/04/2014#Admin#Nguyễn An Vĩ#Xuất danh sách các chương trình tổ chức trong ngày: 03/03/2014 1:14:45 PM
13:19:15 15/04/2014#Admin#Nguyễn An Vĩ#Thoát chương trình mà không đăng xuất.
14:35:08 18/04/2014#Admin#Nguyễn An Vĩ#Đăng nhập hệ thống
14:38:14 18/04/2014#Admin#Nguyễn An Vĩ#Thoát chương trình mà không đăng xuất.
13:46:43 19/04/2014#Admin#Nguyễn An Vĩ#Đăng nhập hệ thống
16:03:19 19/04/2014#Admin#Nguyễn An Vĩ#Đăng nhập hệ thống
19:26:06 19/04/2014#Admin#Nguyễn An Vĩ#Thoát chương trình mà không đăng xuất.
19:44:49 19/04/2014#Admin#Nguyễn An Vĩ#Đăng nhập hệ thống
20:23:24 19/04/2014#Admin#Nguyễn An Vĩ#Thay đổi thông tin cơ bản một hoặc nhiều nhân viên
20:23:28 19/04/2014#Admin#Nguyễn An Vĩ#Thay đổi thông tin cơ bản một hoặc nhiều nhân viên
21:28:43 19/04/2014#Admin#Nguyễn An Vĩ#Thoát chương trình mà không đăng xuất.
22:51:08 19/04/2014#Admin#Nguyễn An Vĩ#Đăng nhập hệ thống
13:10:40 20/04/2014#Admin#Nguyễn An Vĩ#Đăng nhập hệ thống
14:58:54 20/04/2014#Admin#Nguyễn An Vĩ#Thoát chương trình mà không đăng xuất.
22:12:58 20/04/2014#Admin#Nguyễn An Vĩ#Đăng nhập hệ thống
22:13:18 20/04/2014#Admin#Nguyễn An Vĩ#Tìm kiếm khách hàng nâng cao với 1 điều kiện
22:13:34 20/04/2014#Admin#Nguyễn An Vĩ#Tìm kiếm khách hàng nâng cao với 1 điều kiện
22:13:50 20/04/2014#Admin#Nguyễn An Vĩ#Tìm kiếm khách hàng nâng cao với 2 điều kiện
22:15:12 20/04/2014#Admin#Nguyễn An Vĩ#Tìm kiếm nâng cao cao
22:15:20 20/04/2014#Admin#Nguyễn An Vĩ#Thoát chương trình mà không đăng xuất.
